Terminal log file
Date: 31.12.2017 - 0:11:45
-----------------------------------------------
Ublox binary protocol example
fix object size = 49
GPS object size = 152
Looking for GPS device on AltSoftSerial(RX pin 8, TX pin 9)0:11:56.671> 
Getting status (UBX_NAV_STATUS)...poll........poll........poll........poll....
Acquired status: 3
enabled UBX_NAV_TIMEGPS0:12:13.265> 
Getting leap seconds....
Acquired leap seconds: 18
disabled UBX_NAV_TIMEGPS0:12:14.325> 
enabled UBX_NAV_TIMEUTC0:12:14.325> 
Getting UTC....
Acquired UTC: 2017-12-30 21:12:17
Acquired Start-of-Week: 567388800
enabled UBX_NAV_POSLLH0:12:15.356> 
enabled UBX_NAV_VELNED0:12:15.356> 
enabled UBX_NAV_DOP0:12:15.356> 
disabled UBX_NAV_TIMEUTC0:12:15.434> 
Status,UTC Date/Time,Lat,Lon,DMS,Hdg,Spd,Alt,Lat err,Lon err,Alt err,micros(),Rx ok,Rx err,Rx chars,
3,2017-12-30 21:12:18.000,556088094,377244337,55 36' 31.713" N 037 43' 27.960" E,12167,1457,16884,298,298,312,0,48,0,874,
3,2017-12-30 21:12:19.000,556088212,377244545,55 36' 31.755" N 037 43' 27.011" E,12167,349,16986,264,264,281,20907408,56,0,1004,
3,2017-12-30 21:12:20.000,556088582,377244555,55 36' 31.889" N 037 43' 28.039" E,12167,77,17296,238,238,257,21907536,64,0,1134,
3,2017-12-30 21:12:21.000,556088795,377244514,55 36' 31.965" N 037 43' 27.000" E,12167,485,17577,220,220,239,22909368,72,0,1264,
3,2017-12-30 21:12:22.000,556089004,377244326,55 36' 32.041" N 037 43' 27.956" E,12167,563,17831,195,195,216,23911488,80,0,1394,
3,2017-12-30 21:12:23.000,556089103,377244273,55 36' 32.077" N 037 43' 27.937" E,12167,524,17893,177,177,199,24913672,88,0,1524,
3,2017-12-30 21:12:24.000,556089138,377244246,55 36' 32.089" N 037 43' 27.928" E,12167,427,17944,163,163,186,25912020,96,0,1654,
3,2017-12-30 21:12:25.000,556089169,377244108,55 36' 32.100" N 037 43' 27.878" E,12167,252,18045,153,153,176,26920168,104,0,1784,
3,2017-12-30 21:12:26.000,556089163,377244097,55 36' 32.098" N 037 43' 27.874" E,12167,136,18050,145,145,168,27916560,112,0,1914,
3,2017-12-30 21:12:27.000,556089151,377244100,55 36' 32.094" N 037 43' 27.875" E,12167,77,18031,138,138,161,28919924,120,0,2044,
3,2017-12-30 21:12:28.000,556089146,377244139,55 36' 32.092" N 037 43' 27.889" E,12167,738,18035,132,132,156,29916664,128,0,2174,
3,2017-12-30 21:12:29.000,556089154,377244117,55 36' 32.095" N 037 43' 27.881" E,12167,602,18073,127,127,151,30911776,136,0,2304,
3,2017-12-30 21:12:30.000,556089162,377244079,55 36' 32.098" N 037 43' 27.868" E,12167,58,18125,122,122,146,31915244,144,0,2434,
3,2017-12-30 21:12:31.000,556089159,377244024,55 36' 32.097" N 037 43' 27.848" E,12167,155,18152,118,118,142,32918056,152,0,2564,
3,2017-12-30 21:12:32.000,556089150,377243989,55 36' 32.093" N 037 43' 27.835" E,12167,97,18177,113,113,138,33914840,160,0,2694,
3,2017-12-30 21:12:33.000,556089123,377243980,55 36' 32.084" N 037 43' 27.832" E,12167,213,18113,109,109,135,34919592,168,0,2824,
3,2017-12-30 21:12:34.000,556089108,377243932,55 36' 32.078" N 037 43' 27.815" E,12167,155,18124,106,106,132,35916028,176,0,2954,
3,2017-12-30 21:12:35.000,556089096,377243862,55 36' 32.074" N 037 43' 27.789" E,12167,58,18128,103,103,129,36916084,184,0,3084,
3,2017-12-30 21:12:36.000,556089072,377243823,55 36' 32.065" N 037 43' 27.775" E,12167,77,18136,100,100,127,37921820,192,0,3214,
3,2017-12-30 21:12:37.000,556089055,377243789,55 36' 32.059" N 037 43' 27.763" E,12167,136,18145,98,98,125,38923424,200,0,3344,
3,2017-12-30 21:12:38.000,556089118,377243748,55 36' 32.082" N 037 43' 27.748" E,12167,77,18234,96,96,123,39920672,208,0,3474,
3,2017-12-30 21:12:39.000,556089108,377243731,55 36' 32.078" N 037 43' 27.742" E,12167,97,18220,95,95,122,40920780,216,0,3604,
3,2017-12-30 21:12:40.000,556089179,377243667,55 36' 32.104" N 037 43' 27.719" E,12167,77,18307,94,94,121,41921580,224,0,3734,
3,2017-12-30 21:12:41.000,556089255,377243608,55 36' 32.131" N 037 43' 27.698" E,12167,97,18390,92,92,120,42923168,232,0,3864,
3,2017-12-30 21:12:42.000,556089247,377243601,55 36' 32.128" N 037 43' 27.696" E,12167,77,18384,91,91,119,43921736,240,0,3994,
3,2017-12-30 21:12:43.000,556089301,377243539,55 36' 32.148" N 037 43' 27.673" E,12167,58,18449,90,90,118,44925420,248,0,4124,
3,2017-12-30 21:12:44.000,556089366,377243502,55 36' 32.171" N 037 43' 27.660" E,12167,58,18527,
-----------------------------------------------
Date: 31.12.2017 - 0:12:43
End log file
